<?xml version='1.0'?>
<ns2:test-suite xmlns:ns2='urn:model.allure.qatools.yandex.ru' start='1564217191405' stop='1564217194016'>
    <name>webdriver.io page</name>
    <title>webdriver.io page</title>
    <test-cases>
        <test-case start='1564217191405' status='failed' stop='1564217194015'>
            <name>should have the right title</name>
            <title>should have the right title</title>
            <labels>
                <label name='language' value='javascript'/>
                <label name='framework' value='wdio'/>
                <label name='thread' value='0-0'/>
            </labels>
            <parameters>
                <parameter kind='argument' name='browser' value='firefox'/>
            </parameters>
            <steps>
                <step start='1564217191409' status='passed' stop='1564217194007'>
                    <name>POST /session/:sessionId/url</name>
                    <title>POST /session/:sessionId/url</title>
                    <attachments>
                        <attachment title='Request' source='0db3074b-fa5d-4e14-a32a-7977242a4992-attachment.json' type='application/json' size='37'/>
                    </attachments>
                    <steps/>
                </step>
                <step start='1564217194007' status='passed' stop='1564217194013'>
                    <name>GET /session/:sessionId/title</name>
                    <title>GET /session/:sessionId/title</title>
                    <attachments>
                        <attachment title='Response' source='820aadae-2286-48cf-abc5-5d50ebe941b4-attachment.json' type='application/json' size='24'/>
                    </attachments>
                    <steps/>
                </step>
            </steps>
            <attachments/>
            <failure>
                <message>Expected values to be strictly equal:
                + actual - expected
                
                + 'Node.js &amp; Passport App'
                - 'Node.js &amp; Passport Ap'
                                        ^</message>
                <stack-trace>AssertionError [ERR_ASSERTION]: Expected values to be strictly equal:
                + actual - expected
                
                + 'Node.js &amp; Passport App'
                - 'Node.js &amp; Passport Ap'
                                        ^
                    at Context.&lt;anonymous> (/Users/rags/Workspace/NodeJS/loginFunctionality/test/specs/basic.js:8:16)</stack-trace>
            </failure>
        </test-case>
    </test-cases>
</ns2:test-suite>